<?xml version="1.0" encoding="UTF-8"?>
<coverage generated="1696033223344" clover="3.2.0">
  <project timestamp="1696033223345" name="All files">
    <metrics statements="41" coveredstatements="35" conditionals="18" coveredconditionals="15" methods="9" coveredmethods="8" elements="68" coveredelements="58" complexity="0" loc="41" ncloc="41" packages="1" files="1" classes="1"/>
    <file name="tictactoe.js" path="C:\Users\ggGuima\JogoDaVelha\agile-aspects-tic-tac-toe\tictactoe.js">
      <metrics statements="41" coveredstatements="35" conditionals="18" coveredconditionals="15" methods="9" coveredmethods="8"/>
      <line num="3" count="1" type="stmt"/>
      <line num="15" count="1" type="stmt"/>
      <line num="21" count="39" type="stmt"/>
      <line num="26" count="5" type="stmt"/>
      <line num="35" count="5" type="cond" truecount="1" falsecount="1"/>
      <line num="36" count="0" type="stmt"/>
      <line num="38" count="5" type="stmt"/>
      <line num="39" count="5" type="stmt"/>
      <line num="43" count="5" type="cond" truecount="2" falsecount="0"/>
      <line num="49" count="10" type="stmt"/>
      <line num="50" count="61" type="stmt"/>
      <line num="51" count="61" type="stmt"/>
      <line num="52" count="183" type="cond" truecount="2" falsecount="0"/>
      <line num="53" count="53" type="stmt"/>
      <line num="55" count="183" type="cond" truecount="2" falsecount="0"/>
      <line num="56" count="4" type="stmt"/>
      <line num="60" count="6" type="stmt"/>
      <line num="64" count="5" type="stmt"/>
      <line num="65" count="21" type="cond" truecount="2" falsecount="0"/>
      <line num="66" count="4" type="stmt"/>
      <line num="69" count="1" type="stmt"/>
      <line num="73" count="5" type="stmt"/>
      <line num="74" count="5" type="stmt"/>
      <line num="75" count="0" type="stmt"/>
      <line num="80" count="5" type="stmt"/>
      <line num="81" count="5" type="cond" truecount="1" falsecount="1"/>
      <line num="82" count="5" type="stmt"/>
      <line num="83" count="5" type="stmt"/>
      <line num="84" count="5" type="stmt"/>
      <line num="85" count="5" type="cond" truecount="2" falsecount="0"/>
      <line num="86" count="1" type="stmt"/>
      <line num="87" count="1" type="stmt"/>
      <line num="89" count="4" type="cond" truecount="1" falsecount="1"/>
      <line num="90" count="0" type="stmt"/>
      <line num="91" count="0" type="stmt"/>
      <line num="93" count="4" type="cond" truecount="2" falsecount="0"/>
      <line num="94" count="2" type="stmt"/>
      <line num="97" count="2" type="stmt"/>
      <line num="101" count="0" type="stmt"/>
      <line num="102" count="0" type="stmt"/>
      <line num="106" count="1" type="stmt"/>
    </file>
  </project>
</coverage>
