{"C:\\Users\\ggGuima\\JogoDaVelha\\agile-aspects-tic-tac-toe\\tictactoe.js": {"path":"C:\\Users\\ggGuima\\JogoDaVelha\\agile-aspects-tic-tac-toe\\tictactoe.js","statementMap":{"0":{"start":{"line":3,"column":12},"end":{"line":13,"column":1}},"1":{"start":{"line":15,"column":22},"end":{"line":18,"column":1}},"2":{"start":{"line":21,"column":4},"end":{"line":21,"column":43}},"3":{"start":{"line":26,"column":4},"end":{"line":30,"column":6}},"4":{"start":{"line":35,"column":4},"end":{"line":37,"column":5}},"5":{"start":{"line":36,"column":8},"end":{"line":36,"column":21}},"6":{"start":{"line":38,"column":4},"end":{"line":38,"column":36}},"7":{"start":{"line":39,"column":4},"end":{"line":39,"column":45}},"8":{"start":{"line":43,"column":4},"end":{"line":43,"column":59}},"9":{"start":{"line":49,"column":4},"end":{"line":59,"column":5}},"10":{"start":{"line":50,"column":8},"end":{"line":50,"column":22}},"11":{"start":{"line":51,"column":8},"end":{"line":58,"column":9}},"12":{"start":{"line":52,"column":12},"end":{"line":54,"column":13}},"13":{"start":{"line":53,"column":16},"end":{"line":53,"column":28}},"14":{"start":{"line":55,"column":12},"end":{"line":57,"column":13}},"15":{"start":{"line":56,"column":16},"end":{"line":56,"column":28}},"16":{"start":{"line":60,"column":4},"end":{"line":60,"column":17}},"17":{"start":{"line":64,"column":4},"end":{"line":68,"column":5}},"18":{"start":{"line":64,"column":20},"end":{"line":64,"column":21}},"19":{"start":{"line":65,"column":8},"end":{"line":67,"column":9}},"20":{"start":{"line":66,"column":12},"end":{"line":66,"column":25}},"21":{"start":{"line":69,"column":4},"end":{"line":69,"column":16}},"22":{"start":{"line":73,"column":4},"end":{"line":73,"column":19}},"23":{"start":{"line":74,"column":4},"end":{"line":76,"column":7}},"24":{"start":{"line":75,"column":8},"end":{"line":75,"column":37}},"25":{"start":{"line":80,"column":4},"end":{"line":80,"column":48}},"26":{"start":{"line":81,"column":4},"end":{"line":103,"column":5}},"27":{"start":{"line":82,"column":8},"end":{"line":82,"column":44}},"28":{"start":{"line":83,"column":8},"end":{"line":83,"column":36}},"29":{"start":{"line":84,"column":8},"end":{"line":84,"column":21}},"30":{"start":{"line":85,"column":8},"end":{"line":88,"column":9}},"31":{"start":{"line":86,"column":12},"end":{"line":86,"column":46}},"32":{"start":{"line":87,"column":12},"end":{"line":87,"column":26}},"33":{"start":{"line":89,"column":8},"end":{"line":92,"column":9}},"34":{"start":{"line":90,"column":12},"end":{"line":90,"column":35}},"35":{"start":{"line":91,"column":12},"end":{"line":91,"column":27}},"36":{"start":{"line":93,"column":8},"end":{"line":98,"column":9}},"37":{"start":{"line":94,"column":12},"end":{"line":94,"column":27}},"38":{"start":{"line":97,"column":12},"end":{"line":97,"column":27}},"39":{"start":{"line":101,"column":8},"end":{"line":101,"column":68}},"40":{"start":{"line":102,"column":8},"end":{"line":102,"column":26}},"41":{"start":{"line":106,"column":0},"end":{"line":106,"column":15}}},"fnMap":{"0":{"name":"markBoard","decl":{"start":{"line":20,"column":9},"end":{"line":20,"column":18}},"loc":{"start":{"line":20,"column":36},"end":{"line":23,"column":1}},"line":20},"1":{"name":"printBoard","decl":{"start":{"line":25,"column":9},"end":{"line":25,"column":19}},"loc":{"start":{"line":25,"column":21},"end":{"line":31,"column":1}},"line":25},"2":{"name":"isInteger","decl":{"start":{"line":33,"column":9},"end":{"line":33,"column":18}},"loc":{"start":{"line":33,"column":26},"end":{"line":40,"column":1}},"line":33},"3":{"name":"validateMove","decl":{"start":{"line":42,"column":9},"end":{"line":42,"column":21}},"loc":{"start":{"line":42,"column":31},"end":{"line":44,"column":1}},"line":42},"4":{"name":"checkWin","decl":{"start":{"line":46,"column":9},"end":{"line":46,"column":17}},"loc":{"start":{"line":46,"column":25},"end":{"line":61,"column":1}},"line":46},"5":{"name":"checkTie","decl":{"start":{"line":63,"column":9},"end":{"line":63,"column":17}},"loc":{"start":{"line":63,"column":19},"end":{"line":70,"column":1}},"line":63},"6":{"name":"startGame","decl":{"start":{"line":72,"column":9},"end":{"line":72,"column":18}},"loc":{"start":{"line":72,"column":27},"end":{"line":77,"column":1}},"line":72},"7":{"name":"(anonymous_7)","decl":{"start":{"line":74,"column":29},"end":{"line":74,"column":30}},"loc":{"start":{"line":74,"column":52},"end":{"line":76,"column":5}},"line":74},"8":{"name":"play","decl":{"start":{"line":79,"column":15},"end":{"line":79,"column":19}},"loc":{"start":{"line":79,"column":38},"end":{"line":104,"column":1}},"line":79}},"branchMap":{"0":{"loc":{"start":{"line":35,"column":4},"end":{"line":37,"column":5}},"type":"if","locations":[{"start":{"line":35,"column":4},"end":{"line":37,"column":5}},{"start":{},"end":{}}],"line":35},"1":{"loc":{"start":{"line":43,"column":12},"end":{"line":43,"column":58}},"type":"binary-expr","locations":[{"start":{"line":43,"column":12},"end":{"line":43,"column":31}},{"start":{"line":43,"column":35},"end":{"line":43,"column":58}}],"line":43},"2":{"loc":{"start":{"line":52,"column":12},"end":{"line":54,"column":13}},"type":"if","locations":[{"start":{"line":52,"column":12},"end":{"line":54,"column":13}},{"start":{},"end":{}}],"line":52},"3":{"loc":{"start":{"line":55,"column":12},"end":{"line":57,"column":13}},"type":"if","locations":[{"start":{"line":55,"column":12},"end":{"line":57,"column":13}},{"start":{},"end":{}}],"line":55},"4":{"loc":{"start":{"line":65,"column":8},"end":{"line":67,"column":9}},"type":"if","locations":[{"start":{"line":65,"column":8},"end":{"line":67,"column":9}},{"start":{},"end":{}}],"line":65},"5":{"loc":{"start":{"line":81,"column":4},"end":{"line":103,"column":5}},"type":"if","locations":[{"start":{"line":81,"column":4},"end":{"line":103,"column":5}},{"start":{"line":100,"column":9},"end":{"line":103,"column":5}}],"line":81},"6":{"loc":{"start":{"line":85,"column":8},"end":{"line":88,"column":9}},"type":"if","locations":[{"start":{"line":85,"column":8},"end":{"line":88,"column":9}},{"start":{},"end":{}}],"line":85},"7":{"loc":{"start":{"line":89,"column":8},"end":{"line":92,"column":9}},"type":"if","locations":[{"start":{"line":89,"column":8},"end":{"line":92,"column":9}},{"start":{},"end":{}}],"line":89},"8":{"loc":{"start":{"line":93,"column":8},"end":{"line":98,"column":9}},"type":"if","locations":[{"start":{"line":93,"column":8},"end":{"line":98,"column":9}},{"start":{"line":96,"column":13},"end":{"line":98,"column":9}}],"line":93}},"s":{"0":1,"1":1,"2":39,"3":5,"4":5,"5":0,"6":5,"7":5,"8":5,"9":10,"10":61,"11":61,"12":183,"13":53,"14":183,"15":4,"16":6,"17":5,"18":5,"19":21,"20":4,"21":1,"22":5,"23":5,"24":0,"25":5,"26":5,"27":5,"28":5,"29":5,"30":5,"31":1,"32":1,"33":4,"34":0,"35":0,"36":4,"37":2,"38":2,"39":0,"40":0,"41":1},"f":{"0":39,"1":5,"2":5,"3":5,"4":10,"5":5,"6":5,"7":0,"8":5},"b":{"0":[0,5],"1":[5,5],"2":[53,130],"3":[4,179],"4":[4,17],"5":[5,0],"6":[1,4],"7":[0,4],"8":[2,2]},"_coverageSchema":"1a1c01bbd47fc00a2c39e90264f33305004495a9","hash":"a37c222e60582d437c6681026ff0cc051622de51"}
}
