TN:
SF:tictactoe.js
FN:20,markBoard
FN:25,printBoard
FN:33,isInteger
FN:42,validateMove
FN:46,checkWin
FN:63,checkTie
FN:72,startGame
FN:74,(anonymous_7)
FN:79,play
FNF:9
FNH:8
FNDA:39,markBoard
FNDA:5,printBoard
FNDA:5,isInteger
FNDA:5,validateMove
FNDA:10,checkWin
FNDA:5,checkTie
FNDA:5,startGame
FNDA:0,(anonymous_7)
FNDA:5,play
DA:3,1
DA:15,1
DA:21,39
DA:26,5
DA:35,5
DA:36,0
DA:38,5
DA:39,5
DA:43,5
DA:49,10
DA:50,61
DA:51,61
DA:52,183
DA:53,53
DA:55,183
DA:56,4
DA:60,6
DA:64,5
DA:65,21
DA:66,4
DA:69,1
DA:73,5
DA:74,5
DA:75,0
DA:80,5
DA:81,5
DA:82,5
DA:83,5
DA:84,5
DA:85,5
DA:86,1
DA:87,1
DA:89,4
DA:90,0
DA:91,0
DA:93,4
DA:94,2
DA:97,2
DA:101,0
DA:102,0
DA:106,1
LF:41
LH:35
BRDA:35,0,0,0
BRDA:35,0,1,5
BRDA:43,1,0,5
BRDA:43,1,1,5
BRDA:52,2,0,53
BRDA:52,2,1,130
BRDA:55,3,0,4
BRDA:55,3,1,179
BRDA:65,4,0,4
BRDA:65,4,1,17
BRDA:81,5,0,5
BRDA:81,5,1,0
BRDA:85,6,0,1
BRDA:85,6,1,4
BRDA:89,7,0,0
BRDA:89,7,1,4
BRDA:93,8,0,2
BRDA:93,8,1,2
BRF:18
BRH:15
end_of_record
